<?xml version="1.0" encoding="UTF-8"?>
<!-- Generated by org.testng.reporters.JUnitReportReporter -->
<testsuite hostname="DEITY-3015A-103" name="homepage.launch_config" tests="1" failures="0" timestamp="15 Dec 2015 05:39:35 GMT" time="0.011" errors="0">
  <testcase name="check_Title" time="0.011" classname="homepage.launch_config"/>
</testsuite> <!-- homepage.launch_config -->
